<?xml version="1.0" encoding="UTF-8"?>
<testsuite xmlns:xsi="http://www.w3.org/2001/XMLSchema-instance" xsi:noNamespaceSchemaLocation="https://maven.apache.org/surefire/maven-surefire-plugin/xsd/surefire-test-report.xsd" name="com.softhale.utils.ParserUtilsTest" time="0.073" tests="3" errors="0" skipped="0" failures="0">
  <properties>
[...]
</properties>
  <testcase name="getChunks_whenFileContentContainsBlankLines_shouldReturnOnlyChunksWithData" classname="com.softhale.utils.ParserUtilsTest" time="0.061"/>
  <testcase name="getChunks_whenLastLineIsBlank_shouldReturnOnlyChunksWithData" classname="com.softhale.utils.ParserUtilsTest" time="0.002"/>
  <testcase name="getChunks_whenLastLineIsNotBlank_shouldReturnOnlyChunksWithData" classname="com.softhale.utils.ParserUtilsTest" time="0.001"/>
</testsuite>